app/build/outputs/logs/manifest-merger-release-report.txt
-- Merging decision tree log ---
manifest
ADDED from src\main\AndroidManifest.xml:30:1-286:12
	package
		ADDED from src\main\AndroidManifest.xml:32:5-28
		INJECTED from src\main\AndroidManifest.xml
		INJECTED from src\main\AndroidManifest.xml
	android:versionName
		ADDED from src\main\AndroidManifest.xml:34:5-34
		INJECTED from src\main\AndroidManifest.xml
		INJECTED from src\main\AndroidManifest.xml
	xmlns:tools
		ADDED from src\main\AndroidManifest.xml:31:5-51
	android:versionCode
		ADDED from src\main\AndroidManifest.xml:33:5-31
		INJECTED from src\main\AndroidManifest.xml
		INJECTED from src\main\AndroidManifest.xml
	tools:ignore
		ADDED from src\main\AndroidManifest.xml:36:5-35
	xmlns:android
		ADDED from src\main\AndroidManifest.xml:30:11-69
	android:installLocation
		ADDED from src\main\AndroidManifest.xml:35:5-35
uses-permission#android.permission.WRITE_EXTERNAL_STORAGE
ADDED from src\main\AndroidManifest.xml:38:5-81
	android:name
		ADDED from src\main\AndroidManifest.xml:38:22-78
uses-permission#android.permission.INTERNET
ADDED from src\main\AndroidManifest.xml:39:5-67
MERGED from [com.google.firebase:firebase-iid:9.6.0] AndroidManifest.xml:20:5-66
MERGED from [com.google.android.gms:play-services-gcm:9.6.0] AndroidManifest.xml:21:5-66
MERGED from [com.google.android.gms:play-services-iid:9.6.0] AndroidManifest.xml:21:5-66
MERGED from [com.google.android.gms:play-services-ads-lite:9.6.0] AndroidManifest.xml:19:5-66
MERGED from [com.google.firebase:firebase-analytics:9.6.0] AndroidManifest.xml:20:5-66
MERGED from [com.google.firebase:firebase-analytics-impl:9.6.0] AndroidManifest.xml:20:5-66
	android:name
		ADDED from src\main\AndroidManifest.xml:39:22-64
uses-permission#android.permission.ACCESS_WIFI_STATE
ADDED from src\main\AndroidManifest.xml:40:5-76
	android:name
		ADDED from src\main\AndroidManifest.xml:40:22-73
uses-permission#android.permission.ACCESS_COARSE_LOCATION
ADDED from src\main\AndroidManifest.xml:41:5-81
	android:name
		ADDED from src\main\AndroidManifest.xml:41:22-78
uses-permission#android.permission.ACCESS_FINE_LOCATION
ADDED from src\main\AndroidManifest.xml:42:5-79
	android:name
		ADDED from src\main\AndroidManifest.xml:42:22-76
uses-permission#android.permission.VIBRATE
ADDED from src\main\AndroidManifest.xml:44:5-65
	android:name
		ADDED from src\main\AndroidManifest.xml:44:22-63
uses-permission#android.permission.WAKE_LOCK
ADDED from src\main\AndroidManifest.xml:45:5-68
MERGED from [com.google.firebase:firebase-iid:9.6.0] AndroidManifest.xml:21:5-67
MERGED from [com.google.firebase:firebase-analytics:9.6.0] AndroidManifest.xml:22:5-67
MERGED from [com.google.firebase:firebase-analytics-impl:9.6.0] AndroidManifest.xml:22:5-67
	android:name
		ADDED from src\main\AndroidManifest.xml:45:22-65
uses-permission#android.permission.CAMERA
ADDED from src\main\AndroidManifest.xml:46:5-65
	android:name
		ADDED from src\main\AndroidManifest.xml:46:22-62
uses-permission#android.permission.BLUETOOTH
ADDED from src\main\AndroidManifest.xml:47:5-68
	android:name
		ADDED from src\main\AndroidManifest.xml:47:22-65
uses-permission#android.permission.BLUETOOTH_ADMIN
ADDED from src\main\AndroidManifest.xml:48:5-74
	android:name
		ADDED from src\main\AndroidManifest.xml:48:22-71
uses-permission#android.permission.RECORD_AUDIO
ADDED from src\main\AndroidManifest.xml:49:5-71
	android:name
		ADDED from src\main\AndroidManifest.xml:49:22-68
uses-permission#android.permission.READ_PHONE_STATE
ADDED from src\main\AndroidManifest.xml:50:5-75
	android:name
		ADDED from src\main\AndroidManifest.xml:50:22-72
uses-permission#android.permission.SEND_SMS
ADDED from src\main\AndroidManifest.xml:51:5-67
	android:name
		ADDED from src\main\AndroidManifest.xml:51:22-64
uses-permission#android.permission.CALL_PHONE
ADDED from src\main\AndroidManifest.xml:52:5-69
	android:name
		ADDED from src\main\AndroidManifest.xml:52:22-66
uses-permission#android.permission.READ_SMS
ADDED from src\main\AndroidManifest.xml:53:5-67
	android:name
		ADDED from src\main\AndroidManifest.xml:53:22-64
uses-permission#android.permission.RECEIVE_SMS
ADDED from src\main\AndroidManifest.xml:54:5-70
	android:name
		ADDED from src\main\AndroidManifest.xml:54:22-67
uses-permission#com.android.launcher.permission.INSTALL_SHORTCUT
ADDED from src\main\AndroidManifest.xml:58:5-88
	android:name
		ADDED from src\main\AndroidManifest.xml:58:22-85
uses-permission#com.android.launcher.permission.UNINSTALL_SHORTCUT
ADDED from src\main\AndroidManifest.xml:59:5-90
	android:name
		ADDED from src\main\AndroidManifest.xml:59:22-87
uses-feature#android.hardware.telephony
ADDED from src\main\AndroidManifest.xml:61:5-88
	android:required
		ADDED from src\main\AndroidManifest.xml:61:61-85
	android:name
		ADDED from src\main\AndroidManifest.xml:61:19-60
uses-feature#android.hardware.bluetooth
ADDED from src\main\AndroidManifest.xml:62:5-88
	android:required
		ADDED from src\main\AndroidManifest.xml:62:61-85
	android:name
		ADDED from src\main\AndroidManifest.xml:62:19-60
uses-feature#android.hardware.location
ADDED from src\main\AndroidManifest.xml:63:5-87
	android:required
		ADDED from src\main\AndroidManifest.xml:63:60-84
	android:name
		ADDED from src\main\AndroidManifest.xml:63:19-59
uses-feature#android.hardware.sensor.accelerometer
ADDED from src\main\AndroidManifest.xml:64:5-99
	android:required
		ADDED from src\main\AndroidManifest.xml:64:72-96
	android:name
		ADDED from src\main\AndroidManifest.xml:64:19-71
uses-feature#android.hardware.camera
ADDED from src\main\AndroidManifest.xml:65:5-85
	android:required
		ADDED from src\main\AndroidManifest.xml:65:58-82
	android:name
		ADDED from src\main\AndroidManifest.xml:65:19-57
uses-feature#android.hardware.microphone
ADDED from src\main\AndroidManifest.xml:66:5-89
	android:required
		ADDED from src\main\AndroidManifest.xml:66:62-86
	android:name
		ADDED from src\main\AndroidManifest.xml:66:19-61
uses-feature#android.hardware.location.network
ADDED from src\main\AndroidManifest.xml:67:5-95
	android:required
		ADDED from src\main\AndroidManifest.xml:67:68-92
	android:name
		ADDED from src\main\AndroidManifest.xml:67:19-67
uses-feature#android.hardware.location.gps
ADDED from src\main\AndroidManifest.xml:68:5-91
	android:required
		ADDED from src\main\AndroidManifest.xml:68:64-88
	android:name
		ADDED from src\main\AndroidManifest.xml:68:19-63
uses-feature#android.hardware.camera.autofocus
ADDED from src\main\AndroidManifest.xml:69:5-95
	android:required
		ADDED from src\main\AndroidManifest.xml:69:68-92
	android:name
		ADDED from src\main\AndroidManifest.xml:69:19-67
uses-feature#android.hardware.touchscreen
ADDED from src\main\AndroidManifest.xml:70:5-90
	android:required
		ADDED from src\main\AndroidManifest.xml:70:63-87
	android:name
		ADDED from src\main\AndroidManifest.xml:70:19-62
uses-sdk
ADDED from src\main\AndroidManifest.xml:72:5-74
MERGED from [com.google.firebase:firebase-messaging:9.6.0] AndroidManifest.xml:17:5-42
MERGED from [com.google.android.gms:play-services-basement:9.6.0] AndroidManifest.xml:17:5-42
MERGED from [com.android.support:support-v4:24.0.0] AndroidManifest.xml:21:5-23:54
MERGED from [com.google.firebase:firebase-iid:9.6.0] AndroidManifest.xml:17:5-42
MERGED from [com.google.firebase:firebase-common:9.6.0] AndroidManifest.xml:3:5-42
MERGED from [com.google.android.gms:play-services-tasks:9.6.0] AndroidManifest.xml:3:5-42
MERGED from [com.google.android.gms:play-services-gcm:9.6.0] AndroidManifest.xml:17:5-42
MERGED from [com.google.android.gms:play-services-base:9.6.0] AndroidManifest.xml:17:5-42
MERGED from [com.google.android.gms:play-services-iid:9.6.0] AndroidManifest.xml:17:5-42
MERGED from [com.google.firebase:firebase-ads:9.6.0] AndroidManifest.xml:4:5-42
MERGED from [com.google.android.gms:play-services-ads:9.6.0] AndroidManifest.xml:17:5-42
MERGED from [com.google.android.gms:play-services-ads-lite:9.6.0] AndroidManifest.xml:22:5-42
MERGED from [com.google.android.gms:play-services-clearcut:9.6.0] AndroidManifest.xml:17:5-42
MERGED from [com.google.firebase:firebase-analytics:9.6.0] AndroidManifest.xml:17:5-42
MERGED from [com.google.firebase:firebase-analytics-impl:9.6.0] AndroidManifest.xml:17:5-42
MERGED from [com.google.firebase:firebase-core:9.6.0] AndroidManifest.xml:4:5-42
	tools:overrideLibrary
		ADDED from [com.android.support:support-v4:24.0.0] AndroidManifest.xml:23:9-51
	android:targetSdkVersion
		ADDED from src\main\AndroidManifest.xml:72:42-71
		INJECTED from src\main\AndroidManifest.xml
		INJECTED from src\main\AndroidManifest.xml
	android:minSdkVersion
		ADDED from src\main\AndroidManifest.xml:72:15-41
		INJECTED from src\main\AndroidManifest.xml
		INJECTED from src\main\AndroidManifest.xml
supports-screens
ADDED from src\main\AndroidManifest.xml:74:5-54
	android:xlargeScreens
		ADDED from src\main\AndroidManifest.xml:74:23-51
application
ADDED from src\main\AndroidManifest.xml:76:5-284:19
MERGED from [com.google.firebase:firebase-messaging:9.6.0] AndroidManifest.xml:19:5-29:19
MERGED from [com.google.android.gms:play-services-basement:9.6.0] AndroidManifest.xml:19:5-21:19
MERGED from [com.android.support:support-v4:24.0.0] AndroidManifest.xml:25:5-20
MERGED from [com.google.firebase:firebase-iid:9.6.0] AndroidManifest.xml:28:5-50:19
MERGED from [com.google.firebase:firebase-common:9.6.0] AndroidManifest.xml:4:5-7:19
MERGED from [com.google.android.gms:play-services-tasks:9.6.0] AndroidManifest.xml:4:5-19
MERGED from [com.google.android.gms:play-services-gcm:9.6.0] AndroidManifest.xml:23:5-19
MERGED from [com.google.android.gms:play-services-base:9.6.0] AndroidManifest.xml:18:5-20:19
MERGED from [com.google.android.gms:play-services-iid:9.6.0] AndroidManifest.xml:23:5-19
MERGED from [com.google.firebase:firebase-ads:9.6.0] AndroidManifest.xml:5:5-20
MERGED from [com.google.android.gms:play-services-ads-lite:9.6.0] AndroidManifest.xml:23:5-27:19
MERGED from [com.google.android.gms:play-services-clearcut:9.6.0] AndroidManifest.xml:18:5-19
MERGED from [com.google.android.gms:play-services-gass:9.6.0] AndroidManifest.xml:5:5-6:19
MERGED from [com.google.firebase:firebase-analytics:9.6.0] AndroidManifest.xml:24:5-33:19
MERGED from [com.google.firebase:firebase-analytics-impl:9.6.0] AndroidManifest.xml:24:5-28:19
MERGED from [com.google.firebase:firebase-core:9.6.0] AndroidManifest.xml:5:5-20
	android:label
		ADDED from src\main\AndroidManifest.xml:80:9-41
	android:hardwareAccelerated
		ADDED from src\main\AndroidManifest.xml:77:9-43
	android:allowBackup
		ADDED from src\main\AndroidManifest.xml:78:9-35
	android:icon
		ADDED from src\main\AndroidManifest.xml:79:9-38
receiver#com.sgs.basic.BootUpReceiver
ADDED from src\main\AndroidManifest.xml:81:9-89:20
	android:enabled
		ADDED from src\main\AndroidManifest.xml:83:13-36
	android:name
		ADDED from src\main\AndroidManifest.xml:82:13-43
intent-filter#android.intent.action.BOOT_COMPLETED+android.intent.category.DEFAULT
ADDED from src\main\AndroidManifest.xml:84:13-88:29
action#android.intent.action.BOOT_COMPLETED
ADDED from src\main\AndroidManifest.xml:85:17-79
	android:name
		ADDED from src\main\AndroidManifest.xml:85:25-76
category#android.intent.category.DEFAULT
ADDED from src\main\AndroidManifest.xml:87:17-76
	android:name
		ADDED from src\main\AndroidManifest.xml:87:27-73
activity#com.sgs.basic.Basic
ADDED from src\main\AndroidManifest.xml:91:9-114:20
	android:label
		ADDED from src\main\AndroidManifest.xml:95:13-45
	android:id
		ADDED from src\main\AndroidManifest.xml:92:13-43
	android:configChanges
		ADDED from src\main\AndroidManifest.xml:94:13-83
	android:name
		ADDED from src\main\AndroidManifest.xml:93:13-33
intent-filter#android.intent.action.MAIN+android.intent.category.LAUNCHER+android.intent.category.MULTIWINDOW_LAUNCHER
ADDED from src\main\AndroidManifest.xml:97:13-102:29
action#android.intent.action.MAIN
ADDED from src\main\AndroidManifest.xml:98:17-69
	android:name
		ADDED from src\main\AndroidManifest.xml:98:25-66
category#android.intent.category.LAUNCHER
ADDED from src\main\AndroidManifest.xml:100:17-77
	android:name
		ADDED from src\main\AndroidManifest.xml:100:27-74
category#android.intent.category.MULTIWINDOW_LAUNCHER
ADDED from src\main\AndroidManifest.xml:101:17-89
	android:name
		ADDED from src\main\AndroidManifest.xml:101:27-86
intent-filter#android.intent.action.VIEW+android.intent.category.DEFAULT
ADDED from src\main\AndroidManifest.xml:104:13-113:29
action#android.intent.action.VIEW
ADDED from src\main\AndroidManifest.xml:105:17-69
	android:name
		ADDED from src\main\AndroidManifest.xml:105:25-66
data
ADDED from src\main\AndroidManifest.xml:109:17-47
	android:scheme
		ADDED from src\main\AndroidManifest.xml:109:23-44
activity#com.sgs.basic.LauncherShortcuts
ADDED from src\main\AndroidManifest.xml:116:9-126:20
	android:label
		ADDED from src\main\AndroidManifest.xml:119:13-47
	android:configChanges
		ADDED from src\main\AndroidManifest.xml:118:13-83
	android:name
		ADDED from src\main\AndroidManifest.xml:117:13-45
intent-filter#android.intent.action.MAIN+android.intent.category.DEFAULT
ADDED from src\main\AndroidManifest.xml:121:13-125:29
activity-alias#com.sgs.basic.CreateShortcuts
ADDED from src\main\AndroidManifest.xml:128:9-139:26
	android:label
		ADDED from src\main\AndroidManifest.xml:130:13-47
	android:targetActivity
		ADDED from src\main\AndroidManifest.xml:131:13-55
	android:name
		ADDED from src\main\AndroidManifest.xml:129:13-43
intent-filter#android.intent.action.CREATE_SHORTCUT+android.intent.category.DEFAULT
ADDED from src\main\AndroidManifest.xml:134:13-138:29
action#android.intent.action.CREATE_SHORTCUT
ADDED from src\main\AndroidManifest.xml:135:17-80
	android:name
		ADDED from src\main\AndroidManifest.xml:135:25-77
activity#com.sgs.basic.Editor
ADDED from src\main\AndroidManifest.xml:141:9-146:20
	android:label
		ADDED from src\main\AndroidManifest.xml:144:13-48
	android:hardwareAccelerated
		ADDED from src\main\AndroidManifest.xml:145:13-48
	android:id
		ADDED from src\main\AndroidManifest.xml:142:13-44
	android:name
		ADDED from src\main\AndroidManifest.xml:143:13-35
activity#com.sgs.basic.Settings
ADDED from src\main\AndroidManifest.xml:148:9-152:20
	android:label
		ADDED from src\main\AndroidManifest.xml:151:13-50
	android:id
		ADDED from src\main\AndroidManifest.xml:149:13-46
	android:name
		ADDED from src\main\AndroidManifest.xml:150:13-36
activity#com.sgs.basic.LoadFile
ADDED from src\main\AndroidManifest.xml:154:9-159:20
	android:label
		ADDED from src\main\AndroidManifest.xml:158:13-46
	android:id
		ADDED from src\main\AndroidManifest.xml:155:13-42
	android:configChanges
		ADDED from src\main\AndroidManifest.xml:157:13-83
	android:name
		ADDED from src\main\AndroidManifest.xml:156:13-36
activity#com.sgs.basic.Delete
ADDED from src\main\AndroidManifest.xml:161:9-166:20
	android:label
		ADDED from src\main\AndroidManifest.xml:165:13-48
	android:id
		ADDED from src\main\AndroidManifest.xml:162:13-44
	android:configChanges
		ADDED from src\main\AndroidManifest.xml:164:13-83
	android:name
		ADDED from src\main\AndroidManifest.xml:163:13-34
activity#com.sgs.basic.Run
ADDED from src\main\AndroidManifest.xml:168:9-173:20
	android:label
		ADDED from src\main\AndroidManifest.xml:172:13-45
	android:id
		ADDED from src\main\AndroidManifest.xml:169:13-41
	android:configChanges
		ADDED from src\main\AndroidManifest.xml:171:13-83
	android:name
		ADDED from src\main\AndroidManifest.xml:170:13-31
activity#com.sgs.basic.Search
ADDED from src\main\AndroidManifest.xml:175:9-182:20
	android:label
		ADDED from src\main\AndroidManifest.xml:179:13-48
	android:hardwareAccelerated
		ADDED from src\main\AndroidManifest.xml:181:13-48
	android:windowSoftInputMode
		ADDED from src\main\AndroidManifest.xml:180:13-68
	android:id
		ADDED from src\main\AndroidManifest.xml:176:13-44
	android:configChanges
		ADDED from src\main\AndroidManifest.xml:178:13-83
	android:name
		ADDED from src\main\AndroidManifest.xml:177:13-34
activity#com.sgs.basic.Format
ADDED from src\main\AndroidManifest.xml:184:9-189:20
	android:label
		ADDED from src\main\AndroidManifest.xml:188:13-48
	android:id
		ADDED from src\main\AndroidManifest.xml:185:13-44
	android:configChanges
		ADDED from src\main\AndroidManifest.xml:187:13-83
	android:name
		ADDED from src\main\AndroidManifest.xml:186:13-34
activity#com.sgs.basic.Help
ADDED from src\main\AndroidManifest.xml:191:9-196:20
	android:label
		ADDED from src\main\AndroidManifest.xml:194:13-46
	android:windowSoftInputMode
		ADDED from src\main\AndroidManifest.xml:195:13-61
	android:id
		ADDED from src\main\AndroidManifest.xml:192:13-42
	android:name
		ADDED from src\main\AndroidManifest.xml:193:13-32
activity#com.sgs.basic.GR
ADDED from src\main\AndroidManifest.xml:198:9-204:20
	android:label
		ADDED from src\main\AndroidManifest.xml:202:13-44
	android:id
		ADDED from src\main\AndroidManifest.xml:199:13-40
	android:configChanges
		ADDED from src\main\AndroidManifest.xml:201:13-83
	android:theme
		ADDED from src\main\AndroidManifest.xml:203:13-71
	android:name
		ADDED from src\main\AndroidManifest.xml:200:13-30
activity#com.sgs.basic.Select
ADDED from src\main\AndroidManifest.xml:206:9-211:20
	android:label
		ADDED from src\main\AndroidManifest.xml:210:13-48
	android:id
		ADDED from src\main\AndroidManifest.xml:207:13-44
	android:configChanges
		ADDED from src\main\AndroidManifest.xml:209:13-83
	android:name
		ADDED from src\main\AndroidManifest.xml:208:13-34
activity#com.sgs.basic.TextInput
ADDED from src\main\AndroidManifest.xml:213:9-218:20
	android:label
		ADDED from src\main\AndroidManifest.xml:217:13-51
	android:id
		ADDED from src\main\AndroidManifest.xml:214:13-48
	android:configChanges
		ADDED from src\main\AndroidManifest.xml:216:13-83
	android:name
		ADDED from src\main\AndroidManifest.xml:215:13-37
activity#com.sgs.basic.TGet
ADDED from src\main\AndroidManifest.xml:220:9-226:20
	android:label
		ADDED from src\main\AndroidManifest.xml:224:13-51
	android:windowSoftInputMode
		ADDED from src\main\AndroidManifest.xml:225:13-68
	android:id
		ADDED from src\main\AndroidManifest.xml:221:13-46
	android:configChanges
		ADDED from src\main\AndroidManifest.xml:223:13-83
	android:name
		ADDED from src\main\AndroidManifest.xml:222:13-32
activity#com.sgs.basic.Web
ADDED from src\main\AndroidManifest.xml:228:9-234:20
	android:label
		ADDED from src\main\AndroidManifest.xml:232:13-50
	android:id
		ADDED from src\main\AndroidManifest.xml:229:13-46
	android:configChanges
		ADDED from src\main\AndroidManifest.xml:231:13-83
	android:theme
		ADDED from src\main\AndroidManifest.xml:233:13-71
	android:name
		ADDED from src\main\AndroidManifest.xml:230:13-31
activity#com.sgs.basic.CameraView
ADDED from src\main\AndroidManifest.xml:236:9-242:20
	android:label
		ADDED from src\main\AndroidManifest.xml:240:13-35
	android:id
		ADDED from src\main\AndroidManifest.xml:237:13-44
	android:configChanges
		ADDED from src\main\AndroidManifest.xml:239:13-83
	android:theme
		ADDED from src\main\AndroidManifest.xml:241:13-72
	android:name
		ADDED from src\main\AndroidManifest.xml:238:13-38
activity#com.sgs.basic.HandleNotify
ADDED from src\main\AndroidManifest.xml:244:9-250:20
	android:label
		ADDED from src\main\AndroidManifest.xml:248:13-35
	android:id
		ADDED from src\main\AndroidManifest.xml:245:13-44
	android:configChanges
		ADDED from src\main\AndroidManifest.xml:247:13-83
	android:theme
		ADDED from src\main\AndroidManifest.xml:249:13-72
	android:name
		ADDED from src\main\AndroidManifest.xml:246:13-40
activity#com.sgs.basic.DeviceListActivity
ADDED from src\main\AndroidManifest.xml:252:9-258:20
	android:label
		ADDED from src\main\AndroidManifest.xml:256:13-50
	android:id
		ADDED from src\main\AndroidManifest.xml:253:13-49
	android:configChanges
		ADDED from src\main\AndroidManifest.xml:255:13-83
	android:theme
		ADDED from src\main\AndroidManifest.xml:257:13-56
	android:name
		ADDED from src\main\AndroidManifest.xml:254:13-46
activity#com.sgs.basic.Null
ADDED from src\main\AndroidManifest.xml:260:9-263:20
	android:label
		ADDED from src\main\AndroidManifest.xml:262:13-48
	android:name
		ADDED from src\main\AndroidManifest.xml:261:13-32
service#com.sgs.basic.MyFirebaseMessagingService
ADDED from src\main\AndroidManifest.xml:264:9-269:19
	android:name
		ADDED from src\main\AndroidManifest.xml:265:13-55
intent-filter#com.google.firebase.MESSAGING_EVENT
ADDED from src\main\AndroidManifest.xml:266:13-268:29
action#com.google.firebase.MESSAGING_EVENT
ADDED from src\main\AndroidManifest.xml:267:17-77
	android:name
		ADDED from src\main\AndroidManifest.xml:267:25-75
service#com.sgs.basic.MyFirebaseInstanceIDService
ADDED from src\main\AndroidManifest.xml:271:9-276:19
	android:name
		ADDED from src\main\AndroidManifest.xml:272:13-56
intent-filter#com.google.firebase.INSTANCE_ID_EVENT
ADDED from src\main\AndroidManifest.xml:273:13-275:29
action#com.google.firebase.INSTANCE_ID_EVENT
ADDED from src\main\AndroidManifest.xml:274:17-79
	android:name
		ADDED from src\main\AndroidManifest.xml:274:25-77
uses-library#com.sec.android.app.multiwindow
ADDED from src\main\AndroidManifest.xml:278:9-97
	android:required
		ADDED from src\main\AndroidManifest.xml:278:70-94
	android:name
		ADDED from src\main\AndroidManifest.xml:278:23-69
meta-data#com.sec.android.support.multiwindow
ADDED from src\main\AndroidManifest.xml:279:9-94
	android:value
		ADDED from src\main\AndroidManifest.xml:279:71-91
	android:name
		ADDED from src\main\AndroidManifest.xml:279:20-70
meta-data#com.sec.android.multiwindow.DEFAULT_SIZE_W
ADDED from src\main\AndroidManifest.xml:280:9-105
	android:value
		ADDED from src\main\AndroidManifest.xml:280:78-102
	android:name
		ADDED from src\main\AndroidManifest.xml:280:20-77
meta-data#com.sec.android.multiwindow.DEFAULT_SIZE_H
ADDED from src\main\AndroidManifest.xml:281:9-105
	android:value
		ADDED from src\main\AndroidManifest.xml:281:78-102
	android:name
		ADDED from src\main\AndroidManifest.xml:281:20-77
meta-data#com.sec.android.multiwindow.MINIMUM_SIZE_W
ADDED from src\main\AndroidManifest.xml:282:9-105
	android:value
		ADDED from src\main\AndroidManifest.xml:282:78-102
	android:name
		ADDED from src\main\AndroidManifest.xml:282:20-77
meta-data#com.sec.android.multiwindow.MINIMUM_SIZE_H
ADDED from src\main\AndroidManifest.xml:283:9-105
	android:value
		ADDED from src\main\AndroidManifest.xml:283:78-102
	android:name
		ADDED from src\main\AndroidManifest.xml:283:20-77
service#com.google.firebase.messaging.FirebaseMessagingService
ADDED from [com.google.firebase:firebase-messaging:9.6.0] AndroidManifest.xml:23:9-27:19
	android:exported
		ADDED from [com.google.firebase:firebase-messaging:9.6.0] AndroidManifest.xml:23:88-111
	android:name
		ADDED from [com.google.firebase:firebase-messaging:9.6.0] AndroidManifest.xml:23:18-87
meta-data#com.google.android.gms.version
ADDED from [com.google.android.gms:play-services-basement:9.6.0] AndroidManifest.xml:20:9-121
	android:value
		ADDED from [com.google.android.gms:play-services-basement:9.6.0] AndroidManifest.xml:20:66-119
	android:name
		ADDED from [com.google.android.gms:play-services-basement:9.6.0] AndroidManifest.xml:20:20-65
uses-permission#android.permission.ACCESS_NETWORK_STATE
ADDED from [com.google.firebase:firebase-iid:9.6.0] AndroidManifest.xml:19:5-78
MERGED from [com.google.android.gms:play-services-ads-lite:9.6.0] AndroidManifest.xml:20:5-78
MERGED from [com.google.firebase:firebase-analytics:9.6.0] AndroidManifest.xml:21:5-78
MERGED from [com.google.firebase:firebase-analytics-impl:9.6.0] AndroidManifest.xml:21:5-78
	android:name
		ADDED from [com.google.firebase:firebase-iid:9.6.0] AndroidManifest.xml:19:22-76
uses-permission#com.google.android.c2dm.permission.RECEIVE
ADDED from [com.google.firebase:firebase-iid:9.6.0] AndroidManifest.xml:22:5-81
MERGED from [com.google.android.gms:play-services-gcm:9.6.0] AndroidManifest.xml:20:5-81
MERGED from [com.google.android.gms:play-services-iid:9.6.0] AndroidManifest.xml:20:5-81
	android:name
		ADDED from [com.google.firebase:firebase-iid:9.6.0] AndroidManifest.xml:22:22-79
permission#${applicationId}.permission.C2D_MESSAGE
ADDED from [com.google.firebase:firebase-iid:9.6.0] AndroidManifest.xml:24:5-109
	android:protectionLevel
		ADDED from [com.google.firebase:firebase-iid:9.6.0] AndroidManifest.xml:24:72-107
	android:name
		ADDED from [com.google.firebase:firebase-iid:9.6.0] AndroidManifest.xml:24:17-71
uses-permission#${applicationId}.permission.C2D_MESSAGE
ADDED from [com.google.firebase:firebase-iid:9.6.0] AndroidManifest.xml:26:5-78
	android:name
		ADDED from [com.google.firebase:firebase-iid:9.6.0] AndroidManifest.xml:26:22-76
receiver#com.google.firebase.iid.FirebaseInstanceIdReceiver
ADDED from [com.google.firebase:firebase-iid:9.6.0] AndroidManifest.xml:30:9-36:20
	android:exported
		ADDED from [com.google.firebase:firebase-iid:9.6.0] AndroidManifest.xml:30:85-108
	android:permission
		ADDED from [com.google.firebase:firebase-iid:9.6.0] AndroidManifest.xml:30:109-169
	android:name
		ADDED from [com.google.firebase:firebase-iid:9.6.0] AndroidManifest.xml:30:19-84
intent-filter#${applicationId}+com.google.android.c2dm.intent.RECEIVE+com.google.android.c2dm.intent.REGISTRATION
ADDED from [com.google.firebase:firebase-iid:9.6.0] AndroidManifest.xml:31:13-35:29
action#com.google.android.c2dm.intent.RECEIVE
ADDED from [com.google.firebase:firebase-iid:9.6.0] AndroidManifest.xml:32:17-80
	android:name
		ADDED from [com.google.firebase:firebase-iid:9.6.0] AndroidManifest.xml:32:25-78
action#com.google.android.c2dm.intent.REGISTRATION
ADDED from [com.google.firebase:firebase-iid:9.6.0] AndroidManifest.xml:33:17-85
	android:name
		ADDED from [com.google.firebase:firebase-iid:9.6.0] AndroidManifest.xml:33:25-83
category#${applicationId}
ADDED from [com.google.firebase:firebase-iid:9.6.0] AndroidManifest.xml:34:17-60
	android:name
		ADDED from [com.google.firebase:firebase-iid:9.6.0] AndroidManifest.xml:34:27-58
receiver#com.google.firebase.iid.FirebaseInstanceIdInternalReceiver
ADDED from [com.google.firebase:firebase-iid:9.6.0] AndroidManifest.xml:40:9-119
	android:exported
		ADDED from [com.google.firebase:firebase-iid:9.6.0] AndroidManifest.xml:40:93-117
	android:name
		ADDED from [com.google.firebase:firebase-iid:9.6.0] AndroidManifest.xml:40:19-92
service#com.google.firebase.iid.FirebaseInstanceIdService
ADDED from [com.google.firebase:firebase-iid:9.6.0] AndroidManifest.xml:44:9-48:19
	android:exported
		ADDED from [com.google.firebase:firebase-iid:9.6.0] AndroidManifest.xml:44:83-106
	android:name
		ADDED from [com.google.firebase:firebase-iid:9.6.0] AndroidManifest.xml:44:18-82
provider#com.google.firebase.provider.FirebaseInitProvider
ADDED from [com.google.firebase:firebase-common:9.6.0] AndroidManifest.xml:6:9-175
	android:authorities
		ADDED from [com.google.firebase:firebase-common:9.6.0] AndroidManifest.xml:6:19-78
	android:exported
		ADDED from [com.google.firebase:firebase-common:9.6.0] AndroidManifest.xml:6:125-149
	android:initOrder
		ADDED from [com.google.firebase:firebase-common:9.6.0] AndroidManifest.xml:6:150-173
	android:name
		ADDED from [com.google.firebase:firebase-common:9.6.0] AndroidManifest.xml:6:79-124
activity#com.google.android.gms.common.api.GoogleApiActivity
ADDED from [com.google.android.gms:play-services-base:9.6.0] AndroidManifest.xml:19:9-172
	android:exported
		ADDED from [com.google.android.gms:play-services-base:9.6.0] AndroidManifest.xml:19:146-170
	android:theme
		ADDED from [com.google.android.gms:play-services-base:9.6.0] AndroidManifest.xml:19:86-145
	android:name
		ADDED from [com.google.android.gms:play-services-base:9.6.0] AndroidManifest.xml:19:19-85
activity#com.google.android.gms.ads.AdActivity
ADDED from [com.google.android.gms:play-services-ads-lite:9.6.0] AndroidManifest.xml:25:9-232
	android:configChanges
		ADDED from [com.google.android.gms:play-services-ads-lite:9.6.0] AndroidManifest.xml:25:72-181
	android:theme
		ADDED from [com.google.android.gms:play-services-ads-lite:9.6.0] AndroidManifest.xml:25:182-230
	android:name
		ADDED from [com.google.android.gms:play-services-ads-lite:9.6.0] AndroidManifest.xml:25:19-71
activity#com.google.android.gms.ads.purchase.InAppPurchaseActivity
ADDED from [com.google.android.gms:play-services-ads-lite:9.6.0] AndroidManifest.xml:26:9-131
	android:theme
		ADDED from [com.google.android.gms:play-services-ads-lite:9.6.0] AndroidManifest.xml:26:92-129
	android:name
		ADDED from [com.google.android.gms:play-services-ads-lite:9.6.0] AndroidManifest.xml:26:19-91
android:uses-permission#android.permission.READ_EXTERNAL_STORAGE
IMPLIED from src\main\AndroidManifest.xml:30:1-286:12 reason: com.google.android.gmscore.integ.client.gass requested WRITE_EXTERNAL_STORAGE
receiver#com.google.android.gms.measurement.AppMeasurementReceiver
ADDED from [com.google.firebase:firebase-analytics:9.6.0] AndroidManifest.xml:25:7-26:18
MERGED from [com.google.firebase:firebase-analytics-impl:9.6.0] AndroidManifest.xml:25:7-26:18
	android:enabled
		ADDED from [com.google.firebase:firebase-analytics:9.6.0] AndroidManifest.xml:25:90-112
	android:exported
		ADDED from [com.google.firebase:firebase-analytics:9.6.0] AndroidManifest.xml:25:113-137
	android:name
		ADDED from [com.google.firebase:firebase-analytics:9.6.0] AndroidManifest.xml:25:17-89
receiver#com.google.android.gms.measurement.AppMeasurementInstallReferrerReceiver
ADDED from [com.google.firebase:firebase-analytics:9.6.0] AndroidManifest.xml:27:7-31:18
	android:enabled
		ADDED from [com.google.firebase:firebase-analytics:9.6.0] AndroidManifest.xml:27:162-184
	android:permission
		ADDED from [com.google.firebase:firebase-analytics:9.6.0] AndroidManifest.xml:27:105-161
	android:name
		ADDED from [com.google.firebase:firebase-analytics:9.6.0] AndroidManifest.xml:27:17-104
intent-filter#com.android.vending.INSTALL_REFERRER
ADDED from [com.google.firebase:firebase-analytics:9.6.0] AndroidManifest.xml:28:11-30:27
action#com.android.vending.INSTALL_REFERRER